Determining if the pthread_create exist failed with the following output:
Change Dir: /home/djjin/tmp/velodyne/VelodyneCapture/sample/viewer/build/CMakeFiles/CMakeTmp

Run Build Command:"/usr/bin/make" "cmTC_c537c/fast"
/usr/bin/make -f CMakeFiles/cmTC_c537c.dir/build.make CMakeFiles/cmTC_c537c.dir/build
make[1]: 디렉터리 '/home/djjin/tmp/velodyne/VelodyneCapture/sample/viewer/build/CMakeFiles/CMakeTmp' 들어감
Building C object CMakeFiles/cmTC_c537c.dir/CheckSymbolExists.c.o
/usr/bin/cc    -o CMakeFiles/cmTC_c537c.dir/CheckSymbolExists.c.o   -c /home/djjin/tmp/velodyne/VelodyneCapture/sample/viewer/build/CMakeFiles/CMakeTmp/CheckSymbolExists.c
Linking C executable cmTC_c537c
/usr/bin/cmake -E cmake_link_script CMakeFiles/cmTC_c537c.dir/link.txt --verbose=1
/usr/bin/cc      -rdynamic CMakeFiles/cmTC_c537c.dir/CheckSymbolExists.c.o  -o cmTC_c537c 
CMakeFiles/cmTC_c537c.dir/CheckSymbolExists.c.o: In function `main':
CheckSymbolExists.c:(.text+0x1b): undefined reference to `pthread_create'
collect2: error: ld returned 1 exit status
CMakeFiles/cmTC_c537c.dir/build.make:97: recipe for target 'cmTC_c537c' failed
make[1]: *** [cmTC_c537c] Error 1
make[1]: 디렉터리 '/home/djjin/tmp/velodyne/VelodyneCapture/sample/viewer/build/CMakeFiles/CMakeTmp' 나감
Makefile:126: recipe for target 'cmTC_c537c/fast' failed
make: *** [cmTC_c537c/fast] Error 2

File /home/djjin/tmp/velodyne/VelodyneCapture/sample/viewer/build/CMakeFiles/CMakeTmp/CheckSymbolExists.c:
/* */
#include <pthread.h>

int main(int argc, char** argv)
{
  (void)argv;
#ifndef pthread_create
  return ((int*)(&pthread_create))[argc];
#else
  (void)argc;
  return 0;
#endif
}

Determining if the function pthread_create exists in the pthreads failed with the following output:
Change Dir: /home/djjin/tmp/velodyne/VelodyneCapture/sample/viewer/build/CMakeFiles/CMakeTmp

Run Build Command:"/usr/bin/make" "cmTC_c5260/fast"
/usr/bin/make -f CMakeFiles/cmTC_c5260.dir/build.make CMakeFiles/cmTC_c5260.dir/build
make[1]: 디렉터리 '/home/djjin/tmp/velodyne/VelodyneCapture/sample/viewer/build/CMakeFiles/CMakeTmp' 들어감
Building C object CMakeFiles/cmTC_c5260.dir/CheckFunctionExists.c.o
/usr/bin/cc   -DCHECK_FUNCTION_EXISTS=pthread_create   -o CMakeFiles/cmTC_c5260.dir/CheckFunctionExists.c.o   -c /usr/share/cmake-3.10/Modules/CheckFunctionExists.c
Linking C executable cmTC_c5260
/usr/bin/cmake -E cmake_link_script CMakeFiles/cmTC_c5260.dir/link.txt --verbose=1
/usr/bin/cc  -DCHECK_FUNCTION_EXISTS=pthread_create    -rdynamic CMakeFiles/cmTC_c5260.dir/CheckFunctionExists.c.o  -o cmTC_c5260 -lpthreads 
/usr/bin/ld: cannot find -lpthreads
collect2: error: ld returned 1 exit status
CMakeFiles/cmTC_c5260.dir/build.make:97: recipe for target 'cmTC_c5260' failed
make[1]: *** [cmTC_c5260] Error 1
make[1]: 디렉터리 '/home/djjin/tmp/velodyne/VelodyneCapture/sample/viewer/build/CMakeFiles/CMakeTmp' 나감
Makefile:126: recipe for target 'cmTC_c5260/fast' failed
make: *** [cmTC_c5260/fast] Error 2


